
> kingston-care-connect@0.1.0 i18n-audit
> npx tsx scripts/i18n-key-audit.ts

🌐 Running i18n key audit...

📊 Audit Results:

❌ Missing in French (3):
   - About.governanceText
   - About.landAcknowledgment.title
   - About.landAcknowledgment.text

❌ Missing in English (6):
   - Dashboard.services.view
   - Dashboard.services.lastUpdated
   - Dashboard.services.noServices
   - About.hero.governanceText
   - About.hero.landAcknowledgment.title
   - About.hero.landAcknowledgment.text

📈 Total keys: EN=343, FR=346
📈 Used keys found in code: 186

⚠️  Potentially unused keys (338):
   - BetaBanner.title
   - Footer.quickLinks.community
   - Footer.quickLinks.food
   - Footer.quickLinks.housing
   - Footer.quickLinks.health
   - Footer.quickLinks.crisis
   - Footer.quickLinks.legal
   - Footer.quickLinks.about
   - Footer.quickLinks.privacy
   - Footer.quickLinks.terms
   - Footer.quickLinks.contentPolicy
   - Search.loading
   - Search.active
   - Search.openNow
   - Search.nearMe
   - Search.useLocation
   - Search.clearLocation
   - Search.filterByLocation
   - Search.all
   - Search.crisis
   - Search.food
   - Search.housing
   - Search.health
   - Search.legal
   - Search.wellness
   - Search.financial
   - Search.employment
   - Search.education
   - Search.transport
   - Search.community
   - Search.indigenous
   - VoiceInput.start
   - VoiceInput.stop
   - VoiceInput.processing
   - VoiceInput.error
   - VoiceInput.notSupported
   - SubmitService.title
   - SubmitService.description
   - SubmitService.serviceName
   - SubmitService.serviceDesc
   - SubmitService.phone
   - SubmitService.website
   - SubmitService.address
   - SubmitService.submit
   - SubmitService.submitting
   - SubmitService.successTitle
   - SubmitService.successMessage
   - SubmitService.submitAnother
   - Analytics.title
   - Analytics.description
   - Analytics.totalSearches
   - Analytics.topCategory
   - Analytics.zeroResults
   - Analytics.description_searches
   - Analytics.description_top
   - Analytics.description_zero
   - Analytics.betaAccess
   - Analytics.betaMessage
   - Analytics.totalServices
   - Analytics.totalViews
   - Analytics.vsPeriod
   - Analytics.totalAllTime
   - Navigation.home
   - Navigation.about
   - Navigation.suggest
   - Navigation.admin
   - Common.openInNewTab
   - Common.printResults
   - Common.switchLanguage
   - Privacy.title
   - Privacy.lastUpdated
   - Privacy.sections.overview.title
   - Privacy.sections.overview.content
   - Privacy.sections.dataCollection.title
   - Privacy.sections.dataCollection.content
   - Privacy.sections.aiPrivacy.title
   - Privacy.sections.aiPrivacy.content
   - Privacy.sections.useOfInfo.title
   - Privacy.sections.useOfInfo.content
   - Privacy.sections.sharing.title
   - Privacy.sections.sharing.content
   - Privacy.sections.retention.title
   - Privacy.sections.retention.content
   - Privacy.sections.rights.title
   - Privacy.sections.rights.content
   - Privacy.sections.security.title
   - Privacy.sections.security.content
   - Privacy.sections.children.title
   - Privacy.sections.children.content
   - Privacy.sections.cookies.title
   - Privacy.sections.cookies.content
   - Privacy.sections.contact.title
   - Privacy.sections.contact.content
   - ServiceCard.reportIssue
   - Dashboard.title
   - Dashboard.welcome
   - Dashboard.verificationStatus
   - Dashboard.pending
   - Dashboard.completeProfile
   - Dashboard.getStarted
   - Dashboard.noServices
   - Dashboard.hasServices
   - Dashboard.manageServices
   - Dashboard.editService
   - Dashboard.services.title
   - Dashboard.services.emptyState.title
   - Dashboard.services.emptyState.description
   - Dashboard.services.createFirst
   - Dashboard.services.colName
   - Dashboard.services.colStatus
   - Dashboard.services.colActions
   - Dashboard.services.edit
   - Dashboard.services.saveChanges
   - Dashboard.services.statusActive
   - Dashboard.services.englishLabel
   - Dashboard.services.frenchLabel
   - Dashboard.services.name
   - Dashboard.services.description
   - Dashboard.services.phone
   - Dashboard.services.website
   - Dashboard.services.address
   - Dashboard.services.hours
   - Dashboard.services.eligibility
   - ServiceDetail.back
   - ServiceDetail.share
   - ServiceDetail.shareSuccess
   - ServiceDetail.officialProvider
   - ServiceDetail.hours
   - ServiceDetail.fees
   - ServiceDetail.eligibility
   - ServiceDetail.access
   - ServiceDetail.focusedOn
   - ServiceDetail.contactInfo
   - ServiceDetail.location
   - ServiceDetail.phone
   - ServiceDetail.website
   - ServiceDetail.email
   - ServiceDetail.visitWebsite
   - ServiceDetail.incorrectInfo
   - ServiceDetail.reportIssue
   - ServiceDetail.claimTitle
   - ServiceDetail.claimText
   - ServiceDetail.confirmClaim
   - ServiceDetail.claiming
   - ServiceDetail.claimed
   - ServiceDetail.claimListing
   - ServiceDetail.notFound
   - ServiceDetail.notFoundText
   - ServiceDetail.backToSearch
   - AI.title
   - AI.initializing
   - AI.privacyNote
   - AI.privacyDesc
   - AI.enable
   - AI.retry
   - AI.initFailed
   - AI.placeholderReady
   - AI.placeholderWaiting
   - AI.welcome
   - AI.suggestion
   - AI.errorThinking
   - AI.systemPrompt
   - AI.contextIntro
   - AI.noMatches
   - AI.crisisPrompt
   - AI.clearChat
   - Settings.personalizePrompt
   - Settings.personalizeDescription
   - Settings.enablePersonalization
   - Settings.ageGroup
   - Settings.ageGroups.youth
   - Settings.ageGroups.adult
   - Settings.ageGroups.senior
   - Settings.identities
   - Settings.identityTags.indigenous
   - Settings.identityTags.newcomer
   - Settings.identityTags.2slgbtqi+
   - Settings.identityTags.veteran
   - Settings.identityTags.disability
   - Settings.clearProfile
   - Settings.Notifications.title
   - Settings.Notifications.enable
   - Settings.Notifications.permissions
   - Settings.Notifications.permissionsDesc
   - Settings.Notifications.categories.crisis
   - Settings.Notifications.categories.food
   - Settings.Notifications.categories.housing
   - Settings.Notifications.categories.health
   - Settings.Notifications.categories.general
   - Freshness.verified
   - Freshness.unknown
   - Freshness.verifiedOn
   - Freshness.neverVerified
   - Feedback.title
   - Feedback.description
   - Feedback.issueType
   - Feedback.types.wrong_phone
   - Feedback.types.wrong_address
   - Feedback.types.service_closed
   - Feedback.types.other
   - Feedback.messageLabel
   - Feedback.messagePlaceholder
   - Feedback.cancel
   - Feedback.submit
   - Feedback.successTitle
   - Feedback.successMessage
   - Feedback.errorTitle
   - Feedback.errorMessage
   - AiDisclaimer.title
   - AiDisclaimer.limitation1
   - AiDisclaimer.limitation2
   - AiDisclaimer.limitation3
   - AiDisclaimer.emergency
   - AiDisclaimer.privacy
   - ContentPolicy.title
   - ContentPolicy.description
   - ContentPolicy.lastUpdated
   - ContentPolicy.sections.prohibited.title
   - ContentPolicy.sections.prohibited.content
   - ContentPolicy.sections.submissions.title
   - ContentPolicy.sections.submissions.content
   - ContentPolicy.sections.reporting.title
   - ContentPolicy.sections.reporting.content
   - ContentPolicy.sections.appeals.title
   - ContentPolicy.sections.appeals.content
   - Accessibility.title
   - Accessibility.highContrast
   - About.hero.title
   - About.hero.subtitle
   - About.governanceText
   - About.landAcknowledgment.title
   - About.landAcknowledgment.text
   - About.metrics.verified.title
   - About.metrics.verified.description
   - About.metrics.offline.title
   - About.metrics.offline.description
   - About.metrics.bilingual.title
   - About.metrics.bilingual.description
   - About.metrics.community.title
   - About.metrics.community.description
   - About.howItWorks.title
   - About.howItWorks.subtitle
   - About.howItWorks.step1.title
   - About.howItWorks.step1.description
   - About.howItWorks.step2.title
   - About.howItWorks.step2.description
   - About.howItWorks.step3.title
   - About.howItWorks.step3.description
   - About.governance.title
   - About.governance.description
   - About.cta.title
   - About.cta.search
   - About.cta.partners
   - Partners.link
   - PartnersPage.hero.title
   - PartnersPage.hero.subtitle
   - PartnersPage.verification.title
   - PartnersPage.verification.step1
   - PartnersPage.verification.step2
   - PartnersPage.verification.step3
   - PartnersPage.verification.description
   - PartnersPage.cta.title
   - PartnersPage.cta.subtitle
   - PartnersPage.cta.button
   - Terms.title
   - Terms.lastUpdated
   - Terms.sections.acceptance.title
   - Terms.sections.acceptance.content
   - Terms.sections.serviceDescription.title
   - Terms.sections.serviceDescription.content
   - Terms.sections.disclaimer.title
   - Terms.sections.disclaimer.content
   - Terms.sections.liability.title
   - Terms.sections.liability.content
   - Terms.sections.emergency.title
   - Terms.sections.emergency.content
   - Terms.sections.advice.title
   - Terms.sections.advice.content
   - Terms.sections.responsibilities.title
   - Terms.sections.responsibilities.content
   - Terms.sections.indemnification.title
   - Terms.sections.indemnification.content
   - Terms.sections.thirdParty.title
   - Terms.sections.thirdParty.content
   - Terms.sections.ai.title
   - Terms.sections.ai.content
   - Terms.sections.modifications.title
   - Terms.sections.modifications.content
   - Terms.sections.governing.title
   - Terms.sections.governing.content
   - Terms.sections.severability.title
   - Terms.sections.severability.content
   - Terms.sections.contact.title
   - Terms.sections.contact.content
   - Emergency.compact
   - Emergency.title
   - Emergency.inlineMessage
   - Emergency.bannerTitle
   - Emergency.bannerMessage
   - AccessibilityPolicy.title
   - AccessibilityPolicy.lastUpdated
   - AccessibilityPolicy.commitment
   - AccessibilityPolicy.standards
   - AccessibilityPolicy.headings.features
   - AccessibilityPolicy.headings.multiYearPlan
   - AccessibilityPolicy.headings.feedback
   - AccessibilityPolicy.features.contrast
   - AccessibilityPolicy.features.keyboard
   - AccessibilityPolicy.features.skip
   - AccessibilityPolicy.features.alt
   - AccessibilityPolicy.features.semantic
   - AccessibilityPolicy.features.responsive
   - AccessibilityPolicy.plan.y2026
   - AccessibilityPolicy.plan.y2027
   - AccessibilityPolicy.plan.y2028
   - AccessibilityPolicy.feedback.intro
   - AccessibilityPolicy.feedback.email
   - AccessibilityPolicy.feedback.formats
   - PartnerTerms.title
   - PartnerTerms.lastUpdated
   - PartnerTerms.sections.eligibility.title
   - PartnerTerms.sections.eligibility.content
   - PartnerTerms.sections.verification.title
   - PartnerTerms.sections.verification.content
   - PartnerTerms.sections.accuracy.title
   - PartnerTerms.sections.accuracy.content
   - PartnerTerms.sections.license.title
   - PartnerTerms.sections.license.content
   - PartnerTerms.sections.termination.title
   - PartnerTerms.sections.termination.content
   - ClaimFlow.button
   - ClaimFlow.title
   - ClaimFlow.description
   - ClaimFlow.step1
   - ClaimFlow.step2
   - ClaimFlow.agreeLabel
   - ClaimFlow.submit
   - ClaimFlow.success
